2022-01-12T00:10:29+00:00 RT-AC68U-E300-3328EE2-C syslog: WLCEVENTD wlceventd_proc_event(466): eth2: Deauth_ind AC:D6:18:44:2A:A3, status: 0, reason: Deauthenticated because sending station is leaving (or has left) IBSS or ESS (3)
2022-01-12T00:10:31+00:00 RT-AC68U-E300-3328EE2-C syslog: WLCEVENTD wlceventd_proc_event(500): eth2: Auth AC:D6:18:44:2A:A3, status: Successful (0)
2022-01-12T00:10:31+00:00 RT-AC68U-E300-3328EE2-C syslog: WLCEVENTD wlceventd_proc_event(529): eth2: Assoc AC:D6:18:44:2A:A3, status: Successful (0)
2022-01-12T00:12:13+00:00 RT-AC68U-E300-3328EE2-C syslog: WLCEVENTD wlceventd_proc_event(466): eth2: Deauth_ind AC:D6:18:44:2A:A3, status: 0, reason: Deauthenticated because sending station is leaving (or has left) IBSS or ESS (3)
2022-01-12T00:12:16+00:00 RT-AC68U-E300-3328EE2-C syslog: WLCEVENTD wlceventd_proc_event(500): eth2: Auth AC:D6:18:44:2A:A3, status: Successful (0)
2022-01-12T00:12:16+00:00 RT-AC68U-E300-3328EE2-C syslog: WLCEVENTD wlceventd_proc_event(529): eth2: Assoc AC:D6:18:44:2A:A3, status: Successful (0)
2022-01-12T03:09:11+00:00 RT-AC68U-E300-3328EE2-C syslog: WLCEVENTD wlceventd_proc_event(466): eth1: Deauth_ind A4:77:33:6D:80:3C, status: 0, reason: Deauthenticated because sending station is leaving (or has left) IBSS or ESS (3)
2022-01-12T03:09:14+00:00 RT-AC68U-E300-3328EE2-C acsd: selected channel spec: 0x1003 (3)
2022-01-12T03:09:14+00:00 RT-AC68U-E300-3328EE2-C acsd: Adjusted channel spec: 0x1003 (3)
2022-01-12T03:09:14+00:00 RT-AC68U-E300-3328EE2-C acsd: selected channel spec: 0x1003 (3)
2022-01-12T03:09:14+00:00 RT-AC68U-E300-3328EE2-C acsd: acs_set_chspec: 0x1003 (3) for reason APCS_CSTIMER
2022-01-12T03:09:32+00:00 RT-AC68U-E300-3328EE2-C syslog: WLCEVENTD wlceventd_proc_event(500): eth1: Auth A4:77:33:6D:80:3C, status: Successful (0)
2022-01-12T03:09:32+00:00 RT-AC68U-E300-3328EE2-C syslog: WLCEVENTD wlceventd_proc_event(529): eth1: Assoc A4:77:33:6D:80:3C, status: Successful (0)
2022-01-12T03:10:16+00:00 RT-AC68U-E300-3328EE2-C syslog: WLCEVENTD wlceventd_proc_event(466): eth2: Deauth_ind 20:DF:B9:76:49:D7, status: 0, reason: Disassociated due to inactivity (4)
2022-01-12T03:14:06+00:00 RT-AC68U-E300-3328EE2-C ahs: [read_json]Update ahs JSON file.
2022-01-12T03:15:06+00:00 RT-AC68U-E300-3328EE2-C ahs: message repeated 2 times: [ [read_json]Update ahs JSON file.]
2022-01-12T12:35:27+00:00 RT-AC68U-E300-3328EE2-C syslog: WLCEVENTD wlceventd_proc_event(466): eth2: Deauth_ind AC:D6:18:44:2A:A3, status: 0, reason: Disassociated due to inactivity (4)
2022-01-12T13:23:47+00:00 RT-AC68U-E300-3328EE2-C syslog: WLCEVENTD wlceventd_proc_event(500): eth2: Auth AC:D6:18:44:2A:A3, status: Successful (0)
2022-01-12T13:23:47+00:00 RT-AC68U-E300-3328EE2-C syslog: WLCEVENTD wlceventd_proc_event(529): eth2: Assoc AC:D6:18:44:2A:A3, status: Successful (0)
2022-01-12T13:28:41+00:00 RT-AC68U-E300-3328EE2-C kernel: nvram: consolidating space!
2022-01-12T16:42:14+00:00 RT-AC68U-E300-3328EE2-C syslog: WLCEVENTD wlceventd_proc_event(500): eth2: Auth 20:DF:B9:76:49:D7, status: Successful (0)
2022-01-12T16:42:14+00:00 RT-AC68U-E300-3328EE2-C syslog: WLCEVENTD wlceventd_proc_event(529): eth2: Assoc 20:DF:B9:76:49:D7, status: Successful (0)
2022-01-12T17:59:23+00:00 RT-AC68U-E300-3328EE2-C kernel: nvram: consolidating space!
2022-01-12T19:37:00+00:00 RT-AC68U-E300-3328EE2-C syslog: WLCEVENTD wlceventd_proc_event(466): eth2: Deauth_ind AC:D6:18:44:2A:A3, status: 0, reason: Deauthenticated because sending station is leaving (or has left) IBSS or ESS (3)
2022-01-12T19:37:54+00:00 RT-AC68U-E300-3328EE2-C syslog: WLCEVENTD wlceventd_proc_event(500): eth2: Auth AC:D6:18:44:2A:A3, status: Successful (0)
2022-01-12T19:37:54+00:00 RT-AC68U-E300-3328EE2-C syslog: WLCEVENTD wlceventd_proc_event(529): eth2: Assoc AC:D6:18:44:2A:A3, status: Successful (0)
2022-01-12T19:57:27+00:00 RT-AC68U-E300-3328EE2-C syslog: WLCEVENTD wlceventd_proc_event(466): eth2: Deauth_ind AC:D6:18:44:2A:A3, status: 0, reason: Disassociated due to inactivity (4)
2022-01-12T20:27:51+00:00 RT-AC68U-E300-3328EE2-C syslog: WLCEVENTD wlceventd_proc_event(500): eth2: Auth AC:D6:18:44:2A:A3, status: Successful (0)
2022-01-12T20:27:51+00:00 RT-AC68U-E300-3328EE2-C syslog: WLCEVENTD wlceventd_proc_event(529): eth2: Assoc AC:D6:18:44:2A:A3, status: Successful (0)
2022-01-12T20:39:16+00:00 RT-AC68U-E300-3328EE2-C syslog: WLCEVENTD wlceventd_proc_event(466): eth2: Deauth_ind AC:D6:18:44:2A:A3, status: 0, reason: Disassociated due to inactivity (4)
2022-01-13T00:38:51+00:00 RT-AC68U-E300-3328EE2-C syslog: WLCEVENTD wlceventd_proc_event(500): eth2: Auth AC:D6:18:44:2A:A3, status: Successful (0)
2022-01-13T00:38:51+00:00 RT-AC68U-E300-3328EE2-C syslog: WLCEVENTD wlceventd_proc_event(529): eth2: Assoc AC:D6:18:44:2A:A3, status: Successful (0)
2022-01-13T02:09:51+00:00 RT-AC68U-E300-3328EE2-C syslog: WLCEVENTD wlceventd_proc_event(466): eth2: Deauth_ind 20:DF:B9:76:49:D7, status: 0, reason: Deauthenticated because sending station is leaving (or has left) IBSS or ESS (3)
2022-01-13T02:10:12+00:00 RT-AC68U-E300-3328EE2-C syslog: WLCEVENTD wlceventd_proc_event(500): eth2: Auth 20:DF:B9:76:49:D7, status: Successful (0)
2022-01-13T02:10:12+00:00 RT-AC68U-E300-3328EE2-C syslog: WLCEVENTD wlceventd_proc_event(529): eth2: Assoc 20:DF:B9:76:49:D7, status: Successful (0)
2022-01-13T02:34:24+00:00 RT-AC68U-E300-3328EE2-C syslog: WLCEVENTD wlceventd_proc_event(466): eth1: Deauth_ind A4:77:33:6D:80:3C, status: 0, reason: Deauthenticated because sending station is leaving (or has left) IBSS or ESS (3)
2022-01-13T02:34:27+00:00 RT-AC68U-E300-3328EE2-C acsd: selected channel spec: 0x1004 (4)
2022-01-13T02:34:27+00:00 RT-AC68U-E300-3328EE2-C acsd: Adjusted channel spec: 0x1004 (4)
2022-01-13T02:34:27+00:00 RT-AC68U-E300-3328EE2-C acsd: selected channel spec: 0x1004 (4)
2022-01-13T02:34:27+00:00 RT-AC68U-E300-3328EE2-C acsd: acs_set_chspec: 0x1004 (4) for reason APCS_CSTIMER
2022-01-13T02:34:45+00:00 RT-AC68U-E300-3328EE2-C syslog: WLCEVENTD wlceventd_proc_event(500): eth1: Auth A4:77:33:6D:80:3C, status: Successful (0)
2022-01-13T02:34:45+00:00 RT-AC68U-E300-3328EE2-C syslog: WLCEVENTD wlceventd_proc_event(529): eth1: Assoc A4:77:33:6D:80:3C, status: Successful (0)
2022-01-13T03:14:06+00:00 RT-AC68U-E300-3328EE2-C ahs: [read_json]Update ahs JSON file.
2022-01-13T03:15:06+00:00 RT-AC68U-E300-3328EE2-C ahs: message repeated 2 times: [ [read_json]Update ahs JSON file.]
2022-01-13T12:02:58+00:00 RT-AC68U-E300-3328EE2-C syslog: WLCEVENTD wlceventd_proc_event(500): eth2: Auth AC:D6:18:44:2A:A3, status: Successful (0)
2022-01-13T12:02:58+00:00 RT-AC68U-E300-3328EE2-C syslog: WLCEVENTD wlceventd_proc_event(529): eth2: Assoc AC:D6:18:44:2A:A3, status: Successful (0)
2022-01-13T12:03:07+00:00 RT-AC68U-E300-3328EE2-C syslog: WLCEVENTD wlceventd_proc_event(466): eth2: Deauth_ind AC:D6:18:44:2A:A3, status: 0, reason: Deauthenticated because sending station is leaving (or has left) IBSS or ESS (3)
2022-01-13T13:37:14+00:00 RT-AC68U-E300-3328EE2-C syslog: WLCEVENTD wlceventd_proc_event(500): eth2: Auth AC:D6:18:44:2A:A3, status: Successful (0)
2022-01-13T13:37:14+00:00 RT-AC68U-E300-3328EE2-C syslog: WLCEVENTD wlceventd_proc_event(529): eth2: Assoc AC:D6:18:44:2A:A3, status: Successful (0)
2022-01-13T18:52:28+00:00 RT-AC68U-E300-3328EE2-C syslog: WLCEVENTD wlceventd_proc_event(466): eth2: Deauth_ind AC:D6:18:44:2A:A3, status: 0, reason: Disassociated due to inactivity (4)
2022-01-13T19:14:51+00:00 RT-AC68U-E300-3328EE2-C syslog: WLCEVENTD wlceventd_proc_event(500): eth2: Auth AC:D6:18:44:2A:A3, status: Successful (0)
2022-01-13T19:14:51+00:00 RT-AC68U-E300-3328EE2-C syslog: WLCEVENTD wlceventd_proc_event(529): eth2: Assoc AC:D6:18:44:2A:A3, status: Successful (0)
2022-01-14T02:20:26+00:00 RT-AC68U-E300-3328EE2-C syslog: WLCEVENTD wlceventd_proc_event(466): eth1: Deauth_ind A4:77:33:6D:80:3C, status: 0, reason: Deauthenticated because sending station is leaving (or has left) IBSS or ESS (3)
2022-01-14T02:20:30+00:00 RT-AC68U-E300-3328EE2-C acsd: selected channel spec: 0x1003 (3)
2022-01-14T02:20:30+00:00 RT-AC68U-E300-3328EE2-C acsd: Adjusted channel spec: 0x1003 (3)
2022-01-14T02:20:30+00:00 RT-AC68U-E300-3328EE2-C acsd: selected channel spec: 0x1003 (3)
2022-01-14T02:20:30+00:00 RT-AC68U-E300-3328EE2-C acsd: acs_set_chspec: 0x1003 (3) for reason APCS_CSTIMER
2022-01-14T02:20:47+00:00 RT-AC68U-E300-3328EE2-C syslog: WLCEVENTD wlceventd_proc_event(500): eth1: Auth A4:77:33:6D:80:3C, status: Successful (0)
2022-01-14T02:20:47+00:00 RT-AC68U-E300-3328EE2-C syslog: WLCEVENTD wlceventd_proc_event(529): eth1: Assoc A4:77:33:6D:80:3C, status: Successful (0)
2022-01-14T02:55:41+00:00 RT-AC68U-E300-3328EE2-C syslog: WLCEVENTD wlceventd_proc_event(466): eth2: Deauth_ind 20:DF:B9:76:49:D7, status: 0, reason: Deauthenticated because sending station is leaving (or has left) IBSS or ESS (3)
2022-01-14T02:56:08+00:00 RT-AC68U-E300-3328EE2-C syslog: WLCEVENTD wlceventd_proc_event(500): eth2: Auth 20:DF:B9:76:49:D7, status: Successful (0)
2022-01-14T02:56:08+00:00 RT-AC68U-E300-3328EE2-C syslog: WLCEVENTD wlceventd_proc_event(529): eth2: Assoc 20:DF:B9:76:49:D7, status: Successful (0)
2022-01-14T03:14:07+00:00 RT-AC68U-E300-3328EE2-C ahs: [read_json]Update ahs JSON file.
2022-01-14T03:15:08+00:00 RT-AC68U-E300-3328EE2-C ahs: message repeated 2 times: [ [read_json]Update ahs JSON file.]
2022-01-14T11:58:28+00:00 RT-AC68U-E300-3328EE2-C syslog: WLCEVENTD wlceventd_proc_event(466): eth2: Deauth_ind AC:D6:18:44:2A:A3, status: 0, reason: Disassociated due to inactivity (4)
2022-01-14T13:55:32+00:00 RT-AC68U-E300-3328EE2-C syslog: WLCEVENTD wlceventd_proc_event(500): eth2: Auth AC:D6:18:44:2A:A3, status: Successful (0)
2022-01-14T13:55:32+00:00 RT-AC68U-E300-3328EE2-C syslog: WLCEVENTD wlceventd_proc_event(529): eth2: Assoc AC:D6:18:44:2A:A3, status: Successful (0)
2022-01-14T14:09:00+00:00 RT-AC68U-E300-3328EE2-C syslog: WLCEVENTD wlceventd_proc_event(500): eth2: Auth 48:26:2C:EB:5F:43, status: Successful (0)
2022-01-14T14:09:00+00:00 RT-AC68U-E300-3328EE2-C syslog: WLCEVENTD wlceventd_proc_event(529): eth2: Assoc 48:26:2C:EB:5F:43, status: Successful (0)
2022-01-14T14:09:03+00:00 RT-AC68U-E300-3328EE2-C syslog: WLCEVENTD wlceventd_proc_event(481): eth2: Disassoc 48:26:2C:EB:5F:43, status: 0, reason: Disassociated because sending station is leaving (or has left) BSS (8)
2022-01-14T14:10:27+00:00 RT-AC68U-E300-3328EE2-C syslog: WLCEVENTD wlceventd_proc_event(500): eth2: Auth 48:26:2C:EB:5F:43, status: Successful (0)
2022-01-14T14:10:27+00:00 RT-AC68U-E300-3328EE2-C syslog: WLCEVENTD wlceventd_proc_event(529): eth2: Assoc 48:26:2C:EB:5F:43, status: Successful (0)
2022-01-14T14:18:17+00:00 RT-AC68U-E300-3328EE2-C syslog: WLCEVENTD wlceventd_proc_event(466): eth2: Deauth_ind 48:26:2C:EB:5F:43, status: 0, reason: Disassociated due to inactivity (4)
2022-01-14T17:20:03+00:00 RT-AC68U-E300-3328EE2-C syslog: WLCEVENTD wlceventd_proc_event(466): eth2: Deauth_ind AC:D6:18:44:2A:A3, status: 0, reason: Deauthenticated because sending station is leaving (or has left) IBSS or ESS (3)
2022-01-14T17:20:13+00:00 RT-AC68U-E300-3328EE2-C syslog: WLCEVENTD wlceventd_proc_event(500): eth2: Auth AC:D6:18:44:2A:A3, status: Successful (0)
2022-01-14T17:20:13+00:00 RT-AC68U-E300-3328EE2-C syslog: WLCEVENTD wlceventd_proc_event(529): eth2: Assoc AC:D6:18:44:2A:A3, status: Successful (0)
2022-01-14T18:08:28+00:00 RT-AC68U-E300-3328EE2-C syslog: WLCEVENTD wlceventd_proc_event(466): eth2: Deauth_ind AC:D6:18:44:2A:A3, status: 0, reason: Disassociated due to inactivity (4)
2022-01-14T18:09:00+00:00 RT-AC68U-E300-3328EE2-C syslog: WLCEVENTD wlceventd_proc_event(466): eth2: Deauth_ind 66:23:F7:69:9A:C9, status: 0, reason: Disassociated due to inactivity (4)
2022-01-15T02:13:33+00:00 RT-AC68U-E300-3328EE2-C syslog: WLCEVENTD wlceventd_proc_event(466): eth2: Deauth_ind 20:DF:B9:76:49:D7, status: 0, reason: Deauthenticated because sending station is leaving (or has left) IBSS or ESS (3)
2022-01-15T02:13:54+00:00 RT-AC68U-E300-3328EE2-C syslog: WLCEVENTD wlceventd_proc_event(500): eth2: Auth 20:DF:B9:76:49:D7, status: Successful (0)
2022-01-15T02:13:54+00:00 RT-AC68U-E300-3328EE2-C syslog: WLCEVENTD wlceventd_proc_event(529): eth2: Assoc 20:DF:B9:76:49:D7, status: Successful (0)
2022-01-15T03:14:08+00:00 RT-AC68U-E300-3328EE2-C ahs: [read_json]Update ahs JSON file.
2022-01-15T03:15:10+00:00 RT-AC68U-E300-3328EE2-C ahs: message repeated 2 times: [ [read_json]Update ahs JSON file.]
2022-01-15T04:08:52+00:00 RT-AC68U-E300-3328EE2-C syslog: WLCEVENTD wlceventd_proc_event(466): eth1: Deauth_ind A4:77:33:6D:80:3C, status: 0, reason: Deauthenticated because sending station is leaving (or has left) IBSS or ESS (3)
2022-01-15T04:08:56+00:00 RT-AC68U-E300-3328EE2-C acsd: selected channel spec: 0x100b (11)
2022-01-15T04:08:56+00:00 RT-AC68U-E300-3328EE2-C acsd: Adjusted channel spec: 0x100b (11)
2022-01-15T04:08:56+00:00 RT-AC68U-E300-3328EE2-C acsd: selected channel spec: 0x100b (11)
2022-01-15T04:08:56+00:00 RT-AC68U-E300-3328EE2-C acsd: acs_set_chspec: 0x100b (11) for reason APCS_CSTIMER
2022-01-15T04:09:13+00:00 RT-AC68U-E300-3328EE2-C syslog: WLCEVENTD wlceventd_proc_event(500): eth1: Auth A4:77:33:6D:80:3C, status: Successful (0)
2022-01-15T04:09:13+00:00 RT-AC68U-E300-3328EE2-C syslog: WLCEVENTD wlceventd_proc_event(529): eth1: Assoc A4:77:33:6D:80:3C, status: Successful (0)
2022-01-16T02:09:57+00:00 RT-AC68U-E300-3328EE2-C syslog: WLCEVENTD wlceventd_proc_event(466): eth1: Deauth_ind A4:77:33:6D:80:3C, status: 0, reason: Deauthenticated because sending station is leaving (or has left) IBSS or ESS (3)
2022-01-16T02:10:00+00:00 RT-AC68U-E300-3328EE2-C acsd: selected channel spec: 0x100a (10)
2022-01-16T02:10:00+00:00 RT-AC68U-E300-3328EE2-C acsd: Adjusted channel spec: 0x100a (10)
2022-01-16T02:10:00+00:00 RT-AC68U-E300-3328EE2-C acsd: selected channel spec: 0x100a (10)
2022-01-16T02:10:00+00:00 RT-AC68U-E300-3328EE2-C acsd: acs_set_chspec: 0x100a (10) for reason APCS_CSTIMER
2022-01-16T02:10:18+00:00 RT-AC68U-E300-3328EE2-C syslog: WLCEVENTD wlceventd_proc_event(500): eth1: Auth A4:77:33:6D:80:3C, status: Successful (0)
2022-01-16T02:10:18+00:00 RT-AC68U-E300-3328EE2-C syslog: WLCEVENTD wlceventd_proc_event(529): eth1: Assoc A4:77:33:6D:80:3C, status: Successful (0)
2022-01-16T02:29:30+00:00 RT-AC68U-E300-3328EE2-C syslog: WLCEVENTD wlceventd_proc_event(466): eth2: Deauth_ind 20:DF:B9:76:49:D7, status: 0, reason: Deauthenticated because sending station is leaving (or has left) IBSS or ESS (3)
2022-01-16T02:29:52+00:00 RT-AC68U-E300-3328EE2-C syslog: WLCEVENTD wlceventd_proc_event(500): eth2: Auth 20:DF:B9:76:49:D7, status: Successful (0)
2022-01-16T02:29:52+00:00 RT-AC68U-E300-3328EE2-C syslog: WLCEVENTD wlceventd_proc_event(529): eth2: Assoc 20:DF:B9:76:49:D7, status: Successful (0)
2022-01-16T03:14:10+00:00 RT-AC68U-E300-3328EE2-C ahs: [read_json]Update ahs JSON file.
2022-01-16T03:15:09+00:00 RT-AC68U-E300-3328EE2-C ahs: message repeated 2 times: [ [read_json]Update ahs JSON file.]
2022-01-17T02:25:23+00:00 RT-AC68U-E300-3328EE2-C syslog: WLCEVENTD wlceventd_proc_event(466): eth2: Deauth_ind 20:DF:B9:76:49:D7, status: 0, reason: Deauthenticated because sending station is leaving (or has left) IBSS or ESS (3)
2022-01-17T02:25:44+00:00 RT-AC68U-E300-3328EE2-C syslog: WLCEVENTD wlceventd_proc_event(500): eth2: Auth 20:DF:B9:76:49:D7, status: Successful (0)
2022-01-17T02:25:44+00:00 RT-AC68U-E300-3328EE2-C syslog: WLCEVENTD wlceventd_proc_event(529): eth2: Assoc 20:DF:B9:76:49:D7, status: Successful (0)
2022-01-17T02:35:44+00:00 RT-AC68U-E300-3328EE2-C syslog: WLCEVENTD wlceventd_proc_event(466): eth1: Deauth_ind A4:77:33:6D:80:3C, status: 0, reason: Deauthenticated because sending station is leaving (or has left) IBSS or ESS (3)
2022-01-17T02:35:47+00:00 RT-AC68U-E300-3328EE2-C acsd: selected channel spec: 0x100a (10)
2022-01-17T02:35:47+00:00 RT-AC68U-E300-3328EE2-C acsd: Adjusted channel spec: 0x100a (10)
2022-01-17T02:35:47+00:00 RT-AC68U-E300-3328EE2-C acsd: selected channel spec: 0x100a (10)
2022-01-17T02:35:47+00:00 RT-AC68U-E300-3328EE2-C acsd: acs_set_chspec: 0x100a (10) for reason APCS_CSTIMER
2022-01-17T02:36:05+00:00 RT-AC68U-E300-3328EE2-C syslog: WLCEVENTD wlceventd_proc_event(500): eth1: Auth A4:77:33:6D:80:3C, status: Successful (0)
2022-01-17T02:36:05+00:00 RT-AC68U-E300-3328EE2-C syslog: WLCEVENTD wlceventd_proc_event(529): eth1: Assoc A4:77:33:6D:80:3C, status: Successful (0)
2022-01-17T03:14:10+00:00 RT-AC68U-E300-3328EE2-C ahs: [read_json]Update ahs JSON file.
2022-01-18T03:15:11+00:00 RT-AC68U-E300-3328EE2-C ahs: message repeated 5 times: [ [read_json]Update ahs JSON file.]
2022-01-18T03:33:03+00:00 RT-AC68U-E300-3328EE2-C syslog: WLCEVENTD wlceventd_proc_event(466): eth2: Deauth_ind 20:DF:B9:76:49:D7, status: 0, reason: Deauthenticated because sending station is leaving (or has left) IBSS or ESS (3)
2022-01-18T03:33:30+00:00 RT-AC68U-E300-3328EE2-C syslog: WLCEVENTD wlceventd_proc_event(500): eth2: Auth 20:DF:B9:76:49:D7, status: Successful (0)
2022-01-18T03:33:30+00:00 RT-AC68U-E300-3328EE2-C syslog: WLCEVENTD wlceventd_proc_event(529): eth2: Assoc 20:DF:B9:76:49:D7, status: Successful (0)
2022-01-18T04:07:23+00:00 RT-AC68U-E300-3328EE2-C syslog: WLCEVENTD wlceventd_proc_event(466): eth1: Deauth_ind A4:77:33:6D:80:3C, status: 0, reason: Deauthenticated because sending station is leaving (or has left) IBSS or ESS (3)
2022-01-18T04:07:26+00:00 RT-AC68U-E300-3328EE2-C acsd: selected channel spec: 0x100a (10)
2022-01-18T04:07:26+00:00 RT-AC68U-E300-3328EE2-C acsd: Adjusted channel spec: 0x100a (10)
2022-01-18T04:07:26+00:00 RT-AC68U-E300-3328EE2-C acsd: selected channel spec: 0x100a (10)
2022-01-18T04:07:26+00:00 RT-AC68U-E300-3328EE2-C acsd: acs_set_chspec: 0x100a (10) for reason APCS_CSTIMER
2022-01-18T04:07:44+00:00 RT-AC68U-E300-3328EE2-C syslog: WLCEVENTD wlceventd_proc_event(500): eth1: Auth A4:77:33:6D:80:3C, status: Successful (0)
2022-01-18T04:07:44+00:00 RT-AC68U-E300-3328EE2-C syslog: WLCEVENTD wlceventd_proc_event(529): eth1: Assoc A4:77:33:6D:80:3C, status: Successful (0)
2022-01-18T23:09:44+00:00 RT-AC68U-E300-3328EE2-C syslog: WLCEVENTD wlceventd_proc_event(500): eth2: Auth AC:D6:18:44:2A:A3, status: Successful (0)
2022-01-18T23:09:44+00:00 RT-AC68U-E300-3328EE2-C syslog: WLCEVENTD wlceventd_proc_event(529): eth2: Assoc AC:D6:18:44:2A:A3, status: Successful (0)
2022-01-18T23:10:30+00:00 RT-AC68U-E300-3328EE2-C syslog: WLCEVENTD wlceventd_proc_event(466): eth2: Deauth_ind AC:D6:18:44:2A:A3, status: 0, reason: Disassociated due to inactivity (4)
2022-01-18T23:10:43+00:00 RT-AC68U-E300-3328EE2-C syslog: WLCEVENTD wlceventd_proc_event(500): eth2: Auth 66:23:F7:69:9A:C9, status: Successful (0)
2022-01-18T23:10:43+00:00 RT-AC68U-E300-3328EE2-C syslog: WLCEVENTD wlceventd_proc_event(529): eth2: Assoc 66:23:F7:69:9A:C9, status: Successful (0)
2022-01-18T23:15:37+00:00 RT-AC68U-E300-3328EE2-C syslog: WLCEVENTD wlceventd_proc_event(500): eth2: Auth AC:D6:18:44:2A:A3, status: Successful (0)
2022-01-18T23:15:37+00:00 RT-AC68U-E300-3328EE2-C syslog: WLCEVENTD wlceventd_proc_event(529): eth2: Assoc AC:D6:18:44:2A:A3, status: Successful (0)
2022-01-19T02:35:28+00:00 RT-AC68U-E300-3328EE2-C syslog: WLCEVENTD wlceventd_proc_event(466): eth2: Deauth_ind 20:DF:B9:76:49:D7, status: 0, reason: Deauthenticated because sending station is leaving (or has left) IBSS or ESS (3)
2022-01-19T02:35:49+00:00 RT-AC68U-E300-3328EE2-C syslog: WLCEVENTD wlceventd_proc_event(500): eth2: Auth 20:DF:B9:76:49:D7, status: Successful (0)
2022-01-19T02:35:49+00:00 RT-AC68U-E300-3328EE2-C syslog: WLCEVENTD wlceventd_proc_event(529): eth2: Assoc 20:DF:B9:76:49:D7, status: Successful (0)
2022-01-19T03:14:13+00:00 RT-AC68U-E300-3328EE2-C ahs: [read_json]Update ahs JSON file.
2022-01-19T03:15:12+00:00 RT-AC68U-E300-3328EE2-C ahs: message repeated 2 times: [ [read_json]Update ahs JSON file.]
2022-01-19T04:00:36+00:00 RT-AC68U-E300-3328EE2-C syslog: WLCEVENTD wlceventd_proc_event(466): eth1: Deauth_ind A4:77:33:6D:80:3C, status: 0, reason: Deauthenticated because sending station is leaving (or has left) IBSS or ESS (3)
2022-01-19T04:00:39+00:00 RT-AC68U-E300-3328EE2-C acsd: selected channel spec: 0x1004 (4)
2022-01-19T04:00:39+00:00 RT-AC68U-E300-3328EE2-C acsd: Adjusted channel spec: 0x1004 (4)
2022-01-19T04:00:39+00:00 RT-AC68U-E300-3328EE2-C acsd: selected channel spec: 0x1004 (4)
2022-01-19T04:00:39+00:00 RT-AC68U-E300-3328EE2-C acsd: acs_set_chspec: 0x1004 (4) for reason APCS_CSTIMER
2022-01-19T04:00:57+00:00 RT-AC68U-E300-3328EE2-C syslog: WLCEVENTD wlceventd_proc_event(500): eth1: Auth A4:77:33:6D:80:3C, status: Successful (0)
2022-01-19T04:00:57+00:00 RT-AC68U-E300-3328EE2-C syslog: WLCEVENTD wlceventd_proc_event(529): eth1: Assoc A4:77:33:6D:80:3C, status: Successful (0)
2022-01-19T11:59:14+00:00 RT-AC68U-E300-3328EE2-C syslog: WLCEVENTD wlceventd_proc_event(466): eth2: Deauth_ind AC:D6:18:44:2A:A3, status: 0, reason: Deauthenticated because sending station is leaving (or has left) IBSS or ESS (3)
2022-01-19T12:04:32+00:00 RT-AC68U-E300-3328EE2-C syslog: WLCEVENTD wlceventd_proc_event(500): eth2: Auth AC:D6:18:44:2A:A3, status: Successful (0)
2022-01-19T12:04:32+00:00 RT-AC68U-E300-3328EE2-C syslog: WLCEVENTD wlceventd_proc_event(529): eth2: Assoc AC:D6:18:44:2A:A3, status: Successful (0)
2022-01-19T12:06:30+00:00 RT-AC68U-E300-3328EE2-C syslog: WLCEVENTD wlceventd_proc_event(466): eth2: Deauth_ind AC:D6:18:44:2A:A3, status: 0, reason: Disassociated due to inactivity (4)
2022-01-19T13:19:01+00:00 RT-AC68U-E300-3328EE2-C syslog: WLCEVENTD wlceventd_proc_event(500): eth2: Auth AC:D6:18:44:2A:A3, status: Successful (0)
2022-01-19T13:19:01+00:00 RT-AC68U-E300-3328EE2-C syslog: WLCEVENTD wlceventd_proc_event(529): eth2: Assoc AC:D6:18:44:2A:A3, status: Successful (0)
2022-01-20T03:03:24+00:00 RT-AC68U-E300-3328EE2-C syslog: WLCEVENTD wlceventd_proc_event(466): eth1: Deauth_ind A4:77:33:6D:80:3C, status: 0, reason: Deauthenticated because sending station is leaving (or has left) IBSS or ESS (3)
2022-01-20T03:03:28+00:00 RT-AC68U-E300-3328EE2-C acsd: selected channel spec: 0x1001 (1)
2022-01-20T03:03:28+00:00 RT-AC68U-E300-3328EE2-C acsd: Adjusted channel spec: 0x1001 (1)
2022-01-20T03:03:28+00:00 RT-AC68U-E300-3328EE2-C acsd: selected channel spec: 0x1001 (1)
2022-01-20T03:03:28+00:00 RT-AC68U-E300-3328EE2-C acsd: acs_set_chspec: 0x1001 (1) for reason APCS_CSTIMER
2022-01-20T03:03:46+00:00 RT-AC68U-E300-3328EE2-C syslog: WLCEVENTD wlceventd_proc_event(500): eth1: Auth A4:77:33:6D:80:3C, status: Successful (0)
2022-01-20T03:03:46+00:00 RT-AC68U-E300-3328EE2-C syslog: WLCEVENTD wlceventd_proc_event(529): eth1: Assoc A4:77:33:6D:80:3C, status: Successful (0)
2022-01-20T03:14:13+00:00 RT-AC68U-E300-3328EE2-C ahs: [read_json]Update ahs JSON file.
2022-01-20T03:15:13+00:00 RT-AC68U-E300-3328EE2-C ahs: message repeated 2 times: [ [read_json]Update ahs JSON file.]
2022-01-20T04:41:22+00:00 RT-AC68U-E300-3328EE2-C syslog: WLCEVENTD wlceventd_proc_event(466): eth2: Deauth_ind 20:DF:B9:76:49:D7, status: 0, reason: Deauthenticated because sending station is leaving (or has left) IBSS or ESS (3)
2022-01-20T04:41:43+00:00 RT-AC68U-E300-3328EE2-C syslog: WLCEVENTD wlceventd_proc_event(500): eth2: Auth 20:DF:B9:76:49:D7, status: Successful (0)
2022-01-20T04:41:43+00:00 RT-AC68U-E300-3328EE2-C syslog: WLCEVENTD wlceventd_proc_event(529): eth2: Assoc 20:DF:B9:76:49:D7, status: Successful (0)
2022-01-20T12:04:31+00:00 RT-AC68U-E300-3328EE2-C syslog: WLCEVENTD wlceventd_proc_event(466): eth2: Deauth_ind AC:D6:18:44:2A:A3, status: 0, reason: Disassociated due to inactivity (4)
2022-01-20T13:00:53+00:00 RT-AC68U-E300-3328EE2-C syslog: WLCEVENTD wlceventd_proc_event(500): eth2: Auth AC:D6:18:44:2A:A3, status: Successful (0)
2022-01-20T13:00:53+00:00 RT-AC68U-E300-3328EE2-C syslog: WLCEVENTD wlceventd_proc_event(529): eth2: Assoc AC:D6:18:44:2A:A3, status: Successful (0)
2022-01-20T21:14:31+00:00 RT-AC68U-E300-3328EE2-C syslog: WLCEVENTD wlceventd_proc_event(466): eth2: Deauth_ind AC:D6:18:44:2A:A3, status: 0, reason: Disassociated due to inactivity (4)
2022-01-20T21:17:09+00:00 RT-AC68U-E300-3328EE2-C syslog: WLCEVENTD wlceventd_proc_event(500): eth2: Auth AC:D6:18:44:2A:A3, status: Successful (0)
2022-01-20T21:17:09+00:00 RT-AC68U-E300-3328EE2-C syslog: WLCEVENTD wlceventd_proc_event(529): eth2: Assoc AC:D6:18:44:2A:A3, status: Successful (0)
2022-01-20T21:19:31+00:00 RT-AC68U-E300-3328EE2-C syslog: WLCEVENTD wlceventd_proc_event(466): eth2: Deauth_ind AC:D6:18:44:2A:A3, status: 0, reason: Disassociated due to inactivity (4)
2022-01-20T21:20:08+00:00 RT-AC68U-E300-3328EE2-C syslog: WLCEVENTD wlceventd_proc_event(500): eth2: Auth AC:D6:18:44:2A:A3, status: Successful (0)
2022-01-20T21:20:08+00:00 RT-AC68U-E300-3328EE2-C syslog: WLCEVENTD wlceventd_proc_event(529): eth2: Assoc AC:D6:18:44:2A:A3, status: Successful (0)
2022-01-21T02:36:18+00:00 RT-AC68U-E300-3328EE2-C syslog: WLCEVENTD wlceventd_proc_event(466): eth2: Deauth_ind 20:DF:B9:76:49:D7, status: 0, reason: Deauthenticated because sending station is leaving (or has left) IBSS or ESS (3)
2022-01-21T02:36:39+00:00 RT-AC68U-E300-3328EE2-C syslog: WLCEVENTD wlceventd_proc_event(500): eth2: Auth 20:DF:B9:76:49:D7, status: Successful (0)
2022-01-21T02:36:39+00:00 RT-AC68U-E300-3328EE2-C syslog: WLCEVENTD wlceventd_proc_event(529): eth2: Assoc 20:DF:B9:76:49:D7, status: Successful (0)
2022-01-21T03:14:14+00:00 RT-AC68U-E300-3328EE2-C ahs: [read_json]Update ahs JSON file.
2022-01-21T03:15:14+00:00 RT-AC68U-E300-3328EE2-C ahs: message repeated 2 times: [ [read_json]Update ahs JSON file.]
2022-01-21T04:27:14+00:00 RT-AC68U-E300-3328EE2-C syslog: WLCEVENTD wlceventd_proc_event(466): eth1: Deauth_ind A4:77:33:6D:80:3C, status: 0, reason: Deauthenticated because sending station is leaving (or has left) IBSS or ESS (3)
2022-01-21T04:27:18+00:00 RT-AC68U-E300-3328EE2-C acsd: selected channel spec: 0x1001 (1)
2022-01-21T04:27:18+00:00 RT-AC68U-E300-3328EE2-C acsd: Adjusted channel spec: 0x1001 (1)
2022-01-21T04:27:18+00:00 RT-AC68U-E300-3328EE2-C acsd: selected channel spec: 0x1001 (1)
2022-01-21T04:27:18+00:00 RT-AC68U-E300-3328EE2-C acsd: acs_set_chspec: 0x1001 (1) for reason APCS_CSTIMER
2022-01-21T04:27:36+00:00 RT-AC68U-E300-3328EE2-C syslog: WLCEVENTD wlceventd_proc_event(500): eth1: Auth A4:77:33:6D:80:3C, status: Successful (0)
2022-01-21T04:27:36+00:00 RT-AC68U-E300-3328EE2-C syslog: WLCEVENTD wlceventd_proc_event(529): eth1: Assoc A4:77:33:6D:80:3C, status: Successful (0)
2022-01-21T12:53:32+00:00 RT-AC68U-E300-3328EE2-C syslog: WLCEVENTD wlceventd_proc_event(466): eth2: Deauth_ind AC:D6:18:44:2A:A3, status: 0, reason: Disassociated due to inactivity (4)
2022-01-21T14:01:19+00:00 RT-AC68U-E300-3328EE2-C syslog: WLCEVENTD wlceventd_proc_event(500): eth2: Auth AC:D6:18:44:2A:A3, status: Successful (0)
2022-01-21T14:01:19+00:00 RT-AC68U-E300-3328EE2-C syslog: WLCEVENTD wlceventd_proc_event(529): eth2: Assoc AC:D6:18:44:2A:A3, status: Successful (0)
2022-01-22T02:13:33+00:00 RT-AC68U-E300-3328EE2-C syslog: WLCEVENTD wlceventd_proc_event(466): eth2: Deauth_ind 20:DF:B9:76:49:D7, status: 0, reason: Deauthenticated because sending station is leaving (or has left) IBSS or ESS (3)
2022-01-22T02:13:54+00:00 RT-AC68U-E300-3328EE2-C syslog: WLCEVENTD wlceventd_proc_event(500): eth2: Auth 20:DF:B9:76:49:D7, status: Successful (0)
2022-01-22T02:13:54+00:00 RT-AC68U-E300-3328EE2-C syslog: WLCEVENTD wlceventd_proc_event(529): eth2: Assoc 20:DF:B9:76:49:D7, status: Successful (0)
2022-01-22T03:14:14+00:00 RT-AC68U-E300-3328EE2-C syslog: WLCEVENTD wlceventd_proc_event(466): eth1: Deauth_ind A4:77:33:6D:80:3C, status: 0, reason: Deauthenticated because sending station is leaving (or has left) IBSS or ESS (3)
2022-01-22T03:14:16+00:00 RT-AC68U-E300-3328EE2-C ahs: [read_json]Update ahs JSON file.
2022-01-22T03:14:18+00:00 RT-AC68U-E300-3328EE2-C acsd: selected channel spec: 0x1003 (3)
2022-01-22T03:14:18+00:00 RT-AC68U-E300-3328EE2-C acsd: Adjusted channel spec: 0x1003 (3)
2022-01-22T03:14:18+00:00 RT-AC68U-E300-3328EE2-C acsd: selected channel spec: 0x1003 (3)
2022-01-22T03:14:18+00:00 RT-AC68U-E300-3328EE2-C acsd: acs_set_chspec: 0x1003 (3) for reason APCS_CSTIMER
2022-01-22T03:14:36+00:00 RT-AC68U-E300-3328EE2-C syslog: WLCEVENTD wlceventd_proc_event(500): eth1: Auth A4:77:33:6D:80:3C, status: Successful (0)
2022-01-22T03:14:36+00:00 RT-AC68U-E300-3328EE2-C syslog: WLCEVENTD wlceventd_proc_event(529): eth1: Assoc A4:77:33:6D:80:3C, status: Successful (0)
2022-01-22T03:14:46+00:00 RT-AC68U-E300-3328EE2-C ahs: [read_json]Update ahs JSON file.
2022-01-22T03:15:15+00:00 RT-AC68U-E300-3328EE2-C ahs: [read_json]Update ahs JSON file.
2022-01-22T09:28:32+00:00 RT-AC68U-E300-3328EE2-C syslog: WLCEVENTD wlceventd_proc_event(466): eth2: Deauth_ind AC:D6:18:44:2A:A3, status: 0, reason: Disassociated due to inactivity (4)
2022-01-22T12:35:43+00:00 RT-AC68U-E300-3328EE2-C syslog: WLCEVENTD wlceventd_proc_event(500): eth2: Auth AC:D6:18:44:2A:A3, status: Successful (0)
2022-01-22T12:35:43+00:00 RT-AC68U-E300-3328EE2-C syslog: WLCEVENTD wlceventd_proc_event(529): eth2: Assoc AC:D6:18:44:2A:A3, status: Successful (0)
2022-01-22T12:36:32+00:00 RT-AC68U-E300-3328EE2-C syslog: WLCEVENTD wlceventd_proc_event(466): eth2: Deauth_ind AC:D6:18:44:2A:A3, status: 0, reason: Disassociated due to inactivity (4)
2022-01-22T12:37:26+00:00 RT-AC68U-E300-3328EE2-C syslog: WLCEVENTD wlceventd_proc_event(500): eth2: Auth AC:D6:18:44:2A:A3, status: Successful (0)
2022-01-22T12:37:26+00:00 RT-AC68U-E300-3328EE2-C syslog: WLCEVENTD wlceventd_proc_event(529): eth2: Assoc AC:D6:18:44:2A:A3, status: Successful (0)
2022-01-22T15:09:32+00:00 RT-AC68U-E300-3328EE2-C syslog: WLCEVENTD wlceventd_proc_event(466): eth2: Deauth_ind AC:D6:18:44:2A:A3, status: 0, reason: Disassociated due to inactivity (4)
2022-01-22T15:15:14+00:00 RT-AC68U-E300-3328EE2-C syslog: WLCEVENTD wlceventd_proc_event(500): eth2: Auth AC:D6:18:44:2A:A3, status: Successful (0)
2022-01-22T15:15:14+00:00 RT-AC68U-E300-3328EE2-C syslog: WLCEVENTD wlceventd_proc_event(529): eth2: Assoc AC:D6:18:44:2A:A3, status: Successful (0)
2022-01-22T15:16:21+00:00 RT-AC68U-E300-3328EE2-C syslog: WLCEVENTD wlceventd_proc_event(466): eth2: Deauth_ind AC:D6:18:44:2A:A3, status: 0, reason: Disassociated due to inactivity (4)
2022-01-22T16:46:32+00:00 RT-AC68U-E300-3328EE2-C syslog: WLCEVENTD wlceventd_proc_event(500): eth2: Auth AC:D6:18:44:2A:A3, status: Successful (0)
2022-01-22T16:46:32+00:00 RT-AC68U-E300-3328EE2-C syslog: WLCEVENTD wlceventd_proc_event(529): eth2: Assoc AC:D6:18:44:2A:A3, status: Successful (0)
2022-01-22T18:18:32+00:00 RT-AC68U-E300-3328EE2-C syslog: WLCEVENTD wlceventd_proc_event(466): eth2: Deauth_ind AC:D6:18:44:2A:A3, status: 0, reason: Disassociated due to inactivity (4)
2022-01-22T18:44:04+00:00 RT-AC68U-E300-3328EE2-C syslog: WLCEVENTD wlceventd_proc_event(500): eth2: Auth AC:D6:18:44:2A:A3, status: Successful (0)
2022-01-22T18:44:04+00:00 RT-AC68U-E300-3328EE2-C syslog: WLCEVENTD wlceventd_proc_event(529): eth2: Assoc AC:D6:18:44:2A:A3, status: Successful (0)
2022-01-23T03:14:17+00:00 RT-AC68U-E300-3328EE2-C ahs: [read_json]Update ahs JSON file.
2022-01-23T03:15:17+00:00 RT-AC68U-E300-3328EE2-C ahs: message repeated 2 times: [ [read_json]Update ahs JSON file.]
2022-01-23T03:53:21+00:00 RT-AC68U-E300-3328EE2-C syslog: WLCEVENTD wlceventd_proc_event(466): eth1: Deauth_ind A4:77:33:6D:80:3C, status: 0, reason: Deauthenticated because sending station is leaving (or has left) IBSS or ESS (3)
2022-01-23T03:53:25+00:00 RT-AC68U-E300-3328EE2-C acsd: selected channel spec: 0x1001 (1)
2022-01-23T03:53:25+00:00 RT-AC68U-E300-3328EE2-C acsd: Adjusted channel spec: 0x1001 (1)
2022-01-23T03:53:25+00:00 RT-AC68U-E300-3328EE2-C acsd: selected channel spec: 0x1001 (1)
2022-01-23T03:53:25+00:00 RT-AC68U-E300-3328EE2-C acsd: acs_set_chspec: 0x1001 (1) for reason APCS_CSTIMER
2022-01-23T03:53:43+00:00 RT-AC68U-E300-3328EE2-C syslog: WLCEVENTD wlceventd_proc_event(500): eth1: Auth A4:77:33:6D:80:3C, status: Successful (0)
2022-01-23T03:53:43+00:00 RT-AC68U-E300-3328EE2-C syslog: WLCEVENTD wlceventd_proc_event(529): eth1: Assoc A4:77:33:6D:80:3C, status: Successful (0)
2022-01-23T03:54:21+00:00 RT-AC68U-E300-3328EE2-C syslog: WLCEVENTD wlceventd_proc_event(466): eth2: Deauth_ind 20:DF:B9:76:49:D7, status: 0, reason: Disassociated due to inactivity (4)
2022-01-23T16:47:22+00:00 RT-AC68U-E300-3328EE2-C syslog: WLCEVENTD wlceventd_proc_event(500): eth2: Auth 20:DF:B9:76:49:D7, status: Successful (0)
2022-01-23T16:47:22+00:00 RT-AC68U-E300-3328EE2-C syslog: WLCEVENTD wlceventd_proc_event(529): eth2: Assoc 20:DF:B9:76:49:D7, status: Successful (0)
2022-01-24T02:05:36+00:00 RT-AC68U-E300-3328EE2-C syslog: WLCEVENTD wlceventd_proc_event(466): eth2: Deauth_ind 20:DF:B9:76:49:D7, status: 0, reason: Deauthenticated because sending station is leaving (or has left) IBSS or ESS (3)
2022-01-24T02:06:03+00:00 RT-AC68U-E300-3328EE2-C syslog: WLCEVENTD wlceventd_proc_event(500): eth2: Auth 20:DF:B9:76:49:D7, status: Successful (0)
2022-01-24T02:06:03+00:00 RT-AC68U-E300-3328EE2-C syslog: WLCEVENTD wlceventd_proc_event(529): eth2: Assoc 20:DF:B9:76:49:D7, status: Successful (0)
2022-01-24T03:14:18+00:00 RT-AC68U-E300-3328EE2-C ahs: [read_json]Update ahs JSON file.
2022-01-24T03:15:18+00:00 RT-AC68U-E300-3328EE2-C ahs: message repeated 2 times: [ [read_json]Update ahs JSON file.]
2022-01-24T04:24:47+00:00 RT-AC68U-E300-3328EE2-C syslog: WLCEVENTD wlceventd_proc_event(466): eth1: Deauth_ind A4:77:33:6D:80:3C, status: 0, reason: Deauthenticated because sending station is leaving (or has left) IBSS or ESS (3)
2022-01-24T04:24:50+00:00 RT-AC68U-E300-3328EE2-C acsd: selected channel spec: 0x1002 (2)
2022-01-24T04:24:50+00:00 RT-AC68U-E300-3328EE2-C acsd: Adjusted channel spec: 0x1002 (2)
2022-01-24T04:24:50+00:00 RT-AC68U-E300-3328EE2-C acsd: selected channel spec: 0x1002 (2)
2022-01-24T04:24:50+00:00 RT-AC68U-E300-3328EE2-C acsd: acs_set_chspec: 0x1002 (2) for reason APCS_CSTIMER
2022-01-24T04:25:08+00:00 RT-AC68U-E300-3328EE2-C syslog: WLCEVENTD wlceventd_proc_event(500): eth1: Auth A4:77:33:6D:80:3C, status: Successful (0)
2022-01-24T04:25:08+00:00 RT-AC68U-E300-3328EE2-C syslog: WLCEVENTD wlceventd_proc_event(529): eth1: Assoc A4:77:33:6D:80:3C, status: Successful (0)
2022-01-24T12:13:33+00:00 RT-AC68U-E300-3328EE2-C syslog: WLCEVENTD wlceventd_proc_event(466): eth2: Deauth_ind AC:D6:18:44:2A:A3, status: 0, reason: Disassociated due to inactivity (4)
2022-01-24T13:22:53+00:00 RT-AC68U-E300-3328EE2-C syslog: WLCEVENTD wlceventd_proc_event(500): eth2: Auth AC:D6:18:44:2A:A3, status: Successful (0)
2022-01-24T13:22:53+00:00 RT-AC68U-E300-3328EE2-C syslog: WLCEVENTD wlceventd_proc_event(529): eth2: Assoc AC:D6:18:44:2A:A3, status: Successful (0)
